#
# There is insufficient memory for the Java Runtime Environment to continue.
# Native memory allocation (mmap) failed to map 201326592 bytes for Failed to commit area from 0x0000000741400000 to 0x000000074d400000 of length 201326592.
# Possible reasons:
#   The system is out of physical RAM or swap space
#   The process is running with CompressedOops enabled, and the Java Heap may be blocking the growth of the native heap
# Possible solutions:
#   Reduce memory load on the system
#   Increase physical memory or swap space
#   Check if swap backing store is full
#   Decrease Java heap size (-Xmx/-Xms)
#   Decrease number of Java threads
#   Decrease Java thread stack sizes (-Xss)
#   Set larger code cache with -XX:ReservedCodeCacheSize=
# This output file may be truncated or incomplete.
#
#  Out of Memory Error (./open/src/hotspot/os/windows/os_windows.cpp:3273), pid=9772, tid=11076
#
# JRE version:  (11.0.10+8) (build )
# Java VM: Java HotSpot(TM) 64-Bit Server VM (11.0.10+8-LTS-162, mixed mode, sharing, tiered, compressed oops, g1 gc, windows-amd64)
# No core dump will be written. Minidumps are not enabled by default on client versions of Windows
#

---------------  S U M M A R Y ------------

Command Line: -javaagent:C:\Program Files\JetBrains\IntelliJ IDEA 2020.3.2\lib\idea_rt.jar=55306:C:\Program Files\JetBrains\IntelliJ IDEA 2020.3.2\bin -Dfile.encoding=UTF-8 edu.pja.sri.lab06.client.ProductManagerClient

Host: Intel(R) Core(TM) i7-4700MQ CPU @ 2.40GHz, 8 cores, 11G,  Windows 10 , 64 bit Build 19041 (10.0.19041.928)
Time: Wed Jun 16 21:47:59 2021 Œrodkowoeuropejski czas letni elapsed time: 0.048949 seconds (0d 0h 0m 0s)

---------------  T H R E A D  ---------------

Current thread (0x000001c7d18b9000):  JavaThread "Unknown thread" [_thread_in_vm, id=11076, stack(0x0000004b3b900000,0x0000004b3ba00000)]

Stack: [0x0000004b3b900000,0x0000004b3ba00000]
Native frames: (J=compiled Java code, j=interpreted, Vv=VM code, C=native code)
V  [jvm.dll+0x613e6a]
V  [jvm.dll+0x74c1ff]
V  [jvm.dll+0x74d885]
V  [jvm.dll+0x74df03]
V  [jvm.dll+0x243b78]
V  [jvm.dll+0x61125a]
V  [jvm.dll+0x606165]
V  [jvm.dll+0x2f85fc]
V  [jvm.dll+0x2f8482]
V  [jvm.dll+0x2fd136]
V  [jvm.dll+0x33f6bf]
V  [jvm.dll+0x33f0f0]
V  [jvm.dll+0x2d5d08]
V  [jvm.dll+0x2d6e66]
V  [jvm.dll+0x727d17]
V  [jvm.dll+0x7295bf]
V  [jvm.dll+0x34c4a9]
V  [jvm.dll+0x70d6b0]
V  [jvm.dll+0x3b584f]
V  [jvm.dll+0x3b7951]
C  [jli.dll+0x520b]
C  [ucrtbase.dll+0x21bb2]
C  [KERNEL32.DLL+0x17034]
C  [ntdll.dll+0x52651]


---------------  P R O C E S S  ---------------

Threads class SMR info:
_java_thread_list=0x000001c7cf7b2bc0, length=0, elements={
}

Java Threads: ( => current thread )

Other Threads:
  0x000001c7d18ce000 GCTaskThread "GC Thread#0" [stack: 0x0000004b3ba00000,0x0000004b3bb00000] [id=17256]
  0x000001c7d1914000 ConcurrentGCThread "G1 Main Marker" [stack: 0x0000004b3bb00000,0x0000004b3bc00000] [id=19700]
  0x000001c7d1916800 ConcurrentGCThread "G1 Conc#0" [stack: 0x0000004b3bc00000,0x0000004b3bd00000] [id=13264]

[error occurred during error reporting (printing all threads), id 0xc0000005, EXCEPTION_ACCESS_VIOLATION (0xc0000005) at pc=0x00007ff8754e4f57]

VM state:not at safepoint (not fully initialized)

VM Mutex/Monitor currently owned by a thread:  ([mutex/lock_event])
[0x000001c7d18b4020] Heap_lock - owner thread: 0x000001c7d18b9000

Heap address: 0x0000000741400000, size: 3052 MB, Compressed Oops mode: Non-zero based: 0x0000000741400000
Narrow klass base: 0x0000000000000000, Narrow klass shift: 0

GC Heap History (0 events):
No events

Deoptimization events (0 events):
No events

Classes redefined (0 events):
No events

Internal exceptions (0 events):
No events

Events (0 events):
No events


Dynamic libraries:
0x00007ff67b180000 - 0x00007ff67b18f000 	C:\Program Files\Java\jdk-11.0.10\bin\java.exe
0x00007ff8a6950000 - 0x00007ff8a6b45000 	C:\WINDOWS\SYSTEM32\ntdll.dll
0x00007ff8a6640000 - 0x00007ff8a66fd000 	C:\WINDOWS\System32\KERNEL32.DLL
0x00007ff8a4540000 - 0x00007ff8a4808000 	C:\WINDOWS\System32\KERNELBASE.dll
0x00007ff8a4440000 - 0x00007ff8a4540000 	C:\WINDOWS\System32\ucrtbase.dll
0x00007ff8956e0000 - 0x00007ff8956f8000 	C:\Program Files\Java\jdk-11.0.10\bin\jli.dll
0x00007ff8993a0000 - 0x00007ff8993b5000 	C:\Program Files\Java\jdk-11.0.10\bin\VCRUNTIME140.dll
0x00007ff8a61b0000 - 0x00007ff8a625c000 	C:\WINDOWS\System32\ADVAPI32.dll
0x00007ff8a4a50000 - 0x00007ff8a4aee000 	C:\WINDOWS\System32\msvcrt.dll
0x00007ff8a4fd0000 - 0x00007ff8a506b000 	C:\WINDOWS\System32\sechost.dll
0x00007ff8a6260000 - 0x00007ff8a638b000 	C:\WINDOWS\System32\RPCRT4.dll
0x00007ff8a64a0000 - 0x00007ff8a6640000 	C:\WINDOWS\System32\USER32.dll
0x00007ff8a4150000 - 0x00007ff8a4172000 	C:\WINDOWS\System32\win32u.dll
0x00007ff8a5620000 - 0x00007ff8a564a000 	C:\WINDOWS\System32\GDI32.dll
0x00007ff8a4810000 - 0x00007ff8a491b000 	C:\WINDOWS\System32\gdi32full.dll
0x00007ff890b60000 - 0x00007ff890dfa000 	C:\WINDOWS\WinSxS\amd64_microsoft.windows.common-controls_6595b64144ccf1df_6.0.19041.844_none_ca00b6081b84eb1d\COMCTL32.dll
0x00007ff8a4920000 - 0x00007ff8a49bd000 	C:\WINDOWS\System32\msvcp_win.dll
0x00007ff899910000 - 0x00007ff89991a000 	C:\WINDOWS\SYSTEM32\VERSION.dll
0x00007ff8a4a20000 - 0x00007ff8a4a50000 	C:\WINDOWS\System32\IMM32.DLL
0x00007ff87b420000 - 0x00007ff87b4bb000 	C:\Program Files\Java\jdk-11.0.10\bin\msvcp140.dll
0x00007ff875200000 - 0x00007ff875cfb000 	C:\Program Files\Java\jdk-11.0.10\bin\server\jvm.dll
0x00007ff8a4a10000 - 0x00007ff8a4a18000 	C:\WINDOWS\System32\PSAPI.DLL
0x00007ff89ffb0000 - 0x00007ff89ffb9000 	C:\WINDOWS\SYSTEM32\WSOCK32.dll
0x00007ff8a5120000 - 0x00007ff8a518b000 	C:\WINDOWS\System32\WS2_32.dll
0x00007ff8980b0000 - 0x00007ff8980d7000 	C:\WINDOWS\SYSTEM32\WINMM.dll
0x00007ff8a29b0000 - 0x00007ff8a29c2000 	C:\WINDOWS\SYSTEM32\kernel.appcore.dll
0x00007ff89d480000 - 0x00007ff89d490000 	C:\Program Files\Java\jdk-11.0.10\bin\verify.dll
0x00007ff88ed20000 - 0x00007ff88ef04000 	C:\WINDOWS\SYSTEM32\DBGHELP.DLL
0x00007ff88e940000 - 0x00007ff88e96c000 	C:\WINDOWS\SYSTEM32\dbgcore.DLL
0x00007ff8a42e0000 - 0x00007ff8a4360000 	C:\WINDOWS\System32\bcryptPrimitives.dll
0x00007ff8956b0000 - 0x00007ff8956d8000 	C:\Program Files\Java\jdk-11.0.10\bin\java.dll
0x00007ff89d2f0000 - 0x00007ff89d2fa000 	C:\Program Files\Java\jdk-11.0.10\bin\jimage.dll
0x00007ff89c6c0000 - 0x00007ff89c6ce000 	C:\Program Files\Java\jdk-11.0.10\bin\instrument.dll
0x00007ff895690000 - 0x00007ff8956a6000 	C:\Program Files\Java\jdk-11.0.10\bin\zip.dll

dbghelp: loaded successfully - version: 4.0.5 - missing functions: none
symbol engine: initialized successfully - sym options: 0x614 - pdb path: .;C:\Program Files\Java\jdk-11.0.10\bin;C:\WINDOWS\SYSTEM32;C:\WINDOWS\WinSxS\amd64_microsoft.windows.common-controls_6595b64144ccf1df_6.0.19041.844_none_ca00b6081b84eb1d;C:\Program Files\Java\jdk-11.0.10\bin\server

VM Arguments:
jvm_args: -javaagent:C:\Program Files\JetBrains\IntelliJ IDEA 2020.3.2\lib\idea_rt.jar=55306:C:\Program Files\JetBrains\IntelliJ IDEA 2020.3.2\bin -Dfile.encoding=UTF-8 
java_command: edu.pja.sri.lab06.client.ProductManagerClient
java_class_path (initial): C:\Users\mlody_000\Desktop\Pjatk-Letni-2021\Zajêcia\SRI\zad6\sri-06-example\target\classes;C:\Users\mlody_000\Desktop\Pjatk-Letni-2021\Zajêcia\SRI\zad6\sri-06-example\target\06-thrift-example-0.0.1-SNAPSHOT.jar;C:\Users\mlody_000\.m2\repository\org\apache\thrift\libthrift\0.14.1\libthrift-0.14.1.jar;C:\Users\mlody_000\.m2\repository\org\apache\httpcomponents\httpclient\4.5.10\httpclient-4.5.10.jar;C:\Users\mlody_000\.m2\repository\commons-logging\commons-logging\1.2\commons-logging-1.2.jar;C:\Users\mlody_000\.m2\repository\commons-codec\commons-codec\1.11\commons-codec-1.11.jar;C:\Users\mlody_000\.m2\repository\org\apache\httpcomponents\httpcore\4.4.12\httpcore-4.4.12.jar;C:\Users\mlody_000\.m2\repository\org\apache\tomcat\embed\tomcat-embed-core\8.5.46\tomcat-embed-core-8.5.46.jar;C:\Users\mlody_000\.m2\repository\org\apache\tomcat\tomcat-annotations-api\8.5.46\tomcat-annotations-api-8.5.46.jar;C:\Users\mlody_000\.m2\repository\javax\annotation\javax.annotation-api\1.3.2\javax.annotation-api-1.3.2.jar;C:\Users\mlody_000\.m2\repository\org\slf4j\slf4j-api\1.5.8\slf4j-api-1.5.8.jar;C:\Users\mlody_000\.m2\repository\org\slf4j\slf4j-log4j12\1.5.2\slf4j-log4j12-1.5.2.jar;C:\Users\mlody_000\.m2\repository\log4j\log4j\1.2.14\log4j-1.2.14.jar;C:\Users\mlody_000\.m2\repository\org\apache\commons\commons-lang3\3.1\commons-lang3-3.1.jar
Launcher Type: SUN_STANDARD

[Global flags]
     intx CICompilerCount                          = 4                                         {product} {ergonomic}
     uint ConcGCThreads                            = 2                                         {product} {ergonomic}
     uint G1ConcRefinementThreads                  = 8                                         {product} {ergonomic}
   size_t G1HeapRegionSize                         = 1048576                                   {product} {ergonomic}
    uintx GCDrainStackTargetSize                   = 64                                        {product} {ergonomic}
   size_t InitialHeapSize                          = 201326592                                 {product} {ergonomic}
   size_t MarkStackSize                            = 4194304                                   {product} {ergonomic}
   size_t MaxHeapSize                              = 3200253952                                {product} {ergonomic}
   size_t MinHeapDeltaBytes                        = 1048576                                   {product} {ergonomic}
    uintx NonNMethodCodeHeapSize                   = 5836300                                {pd product} {ergonomic}
    uintx NonProfiledCodeHeapSize                  = 122910970                              {pd product} {ergonomic}
    uintx ProfiledCodeHeapSize                     = 122910970                              {pd product} {ergonomic}
    uintx ReservedCodeCacheSize                    = 251658240                              {pd product} {ergonomic}
     bool SegmentedCodeCache                       = true                                      {product} {ergonomic}
     bool UseCompressedClassPointers               = true                                 {lp64_product} {ergonomic}
     bool UseCompressedOops                        = true                                 {lp64_product} {ergonomic}
     bool UseG1GC                                  = true                                      {product} {ergonomic}
     bool UseLargePagesIndividualAllocation        = false                                  {pd product} {ergonomic}

Logging:
Log output configuration:
 #0: stdout all=warning uptime,level,tags
 #1: stderr all=off uptime,level,tags

Environment Variables:
JAVA_HOME=C:\Program Files\Java\jdk1.8.0_281
PATH=C:\Program Files\Common Files\Oracle\Java\javapath;C:\Program Files (x86)\Common Files\Oracle\Java\javapath;C:\Program Files (x86)\Intel\iCLS Client\;C:\Program Files\Intel\iCLS Client\;C:\WINDOWS\system32;C:\WINDOWS;C:\WINDOWS\System32\Wbem;C:\WINDOWS\System32\WindowsPowerShell\v1.0\;C:\Program Files\Intel\Intel(R) Management Engine Components\DAL;C:\Program Files\Intel\Intel(R) Management Engine Components\IPT;C:\Program Files (x86)\Intel\Intel(R) Management Engine Components\DAL;C:\Program Files (x86)\Intel\Intel(R) Management Engine Components\IPT;C:\Program Files (x86)\ATI Technologies\ATI.ACE\Core-Static;C:\Program Files\Lenovo\Bluetooth Software\;C:\Program Files\Lenovo\Bluetooth Software\syswow64;C:\WINDOWS\System32\OpenSSH\;C:\Program Files\Java\jdk1.8.0_281\bin;C:\Program Files\Microsoft Network Monitor 3\;C:\Program Files (x86)\scala\bin;C:\Users\mlody_000\AppData\Local\Microsoft\WindowsApps;;C:\Program Files\JetBrains\IntelliJ IDEA 2020.3.2\bin;;C:\Program Files\JetBrains\CLion 2020.3.3\bin;
USERNAME=mlody_000
OS=Windows_NT
PROCESSOR_IDENTIFIER=Intel64 Family 6 Model 60 Stepping 3, GenuineIntel



---------------  S Y S T E M  ---------------

OS: Windows 10 , 64 bit Build 19041 (10.0.19041.928)

CPU:total 8 (initial active 8) (4 cores per cpu, 2 threads per core) family 6 model 60 stepping 3 microcode 0x27, cmov, cx8, fxsr, mmx, sse, sse2, sse3, ssse3, sse4.1, sse4.2, popcnt, avx, avx2, aes, clmul, erms, lzcnt, ht, tsc, tscinvbit, bmi1, bmi2, fma

Memory: 4k page, system-wide physical 12200M (3502M free)
TotalPageFile size 12200M (AvailPageFile size 31M)
current process WorkingSet (physical memory assigned to process): 9M, peak: 9M
current process commit charge ("private bytes"): 60M, peak: 252M

vm_info: Java HotSpot(TM) 64-Bit Server VM (11.0.10+8-LTS-162) for windows-amd64 JRE (11.0.10+8-LTS-162), built on Dec  8 2020 16:32:57 by "mach5one" with MS VC++ 15.9 (VS2017)

END.
